<?xml version="1.0" encoding="UTF-8"?>
<testsuite name="calcTest" tests="4" skipped="0" failures="0" errors="0" timestamp="2018-07-27T09:33:31" hostname="GB0-DAR-1-8729" time="0.002">
  <properties/>
  <testcase name="divide" classname="calcTest" time="0.001"/>
  <testcase name="sum" classname="calcTest" time="0.0"/>
  <testcase name="minus" classname="calcTest" time="0.0"/>
  <testcase name="multiply" classname="calcTest" time="0.0"/>
  <system-out><![CDATA[]]></system-out>
  <system-err><![CDATA[]]></system-err>
</testsuite>
